# JRE version: Java(TM) SE Runtime Environment (8.0_181-b13) (build 1.8.0_181-b13)
# Java VM: Java HotSpot(TM) 64-Bit Server VM (25.181-b13 mixed mode windows-amd64 compressed oops)
Heap:
 PSYoungGen      total 37376K, used 19126K [0x000000076b600000, 0x000000076e900000, 0x00000007c0000000)
  eden space 35840K, 49% used [0x000000076b600000,0x000000076c751b98,0x000000076d900000)
  from space 1536K, 90% used [0x000000076d980000,0x000000076dadc010,0x000000076db00000)
  to   space 8192K, 0% used [0x000000076e100000,0x000000076e100000,0x000000076e900000)
 ParOldGen       total 83456K, used 58658K [0x00000006c2200000, 0x00000006c7380000, 0x000000076b600000)
  object space 83456K, 70% used [0x00000006c2200000,0x00000006c5b48838,0x00000006c7380000)
 Metaspace       used 25992K, capacity 26948K, committed 27008K, reserved 1073152K
  class space    used 3431K, capacity 3655K, committed 3712K, reserved 1048576K
GC Heap History (10 events):
Event: 52.573 GC heap before
{Heap before GC invocations=42 (full 1):
 PSYoungGen      total 44544K, used 39693K [0x000000076b600000, 0x000000076e980000, 0x00000007c0000000)
  eden space 38400K, 99% used [0x000000076b600000,0x000000076db57430,0x000000076db80000)
  from space 6144K, 23% used [0x000000076e380000,0x000000076e4ec010,0x000000076e980000)
  to   space 7168K, 0% used [0x000000076db80000,0x000000076db80000,0x000000076e280000)
 ParOldGen       total 83456K, used 51449K [0x00000006c2200000, 0x00000006c7380000, 0x000000076b600000)
  object space 83456K, 61% used [0x00000006c2200000,0x00000006c543e7d8,0x00000006c7380000)
 Metaspace       used 25982K, capacity 26948K, committed 27008K, reserved 1073152K
  class space    used 3431K, capacity 3655K, committed 3712K, reserved 1048576K
Event: 52.574 GC heap after
Heap after GC invocations=42 (full 1):
 PSYoungGen      total 45056K, used 4992K [0x000000076b600000, 0x000000076ea00000, 0x00000007c0000000)
  eden space 37888K, 0% used [0x000000076b600000,0x000000076b600000,0x000000076db00000)
  from space 7168K, 69% used [0x000000076db80000,0x000000076e060040,0x000000076e280000)
  to   space 7680K, 0% used [0x000000076e280000,0x000000076e280000,0x000000076ea00000)
 ParOldGen       total 83456K, used 52689K [0x00000006c2200000, 0x00000006c7380000, 0x000000076b600000)
  object space 83456K, 63% used [0x00000006c2200000,0x00000006c55747e8,0x00000006c7380000)
 Metaspace       used 25982K, capacity 26948K, committed 27008K, reserved 1073152K
  class space    used 3431K, capacity 3655K, committed 3712K, reserved 1048576K
}
Event: 53.085 GC heap before
{Heap before GC invocations=43 (full 1):
 PSYoungGen      total 45056K, used 42016K [0x000000076b600000, 0x000000076ea00000, 0x00000007c0000000)
  eden space 37888K, 97% used [0x000000076b600000,0x000000076da28118,0x000000076db00000)
  from space 7168K, 69% used [0x000000076db80000,0x000000076e060040,0x000000076e280000)
  to   space 7680K, 0% used [0x000000076e280000,0x000000076e280000,0x000000076ea00000)
 ParOldGen       total 83456K, used 52689K [0x00000006c2200000, 0x00000006c7380000, 0x000000076b600000)
  object space 83456K, 63% used [0x00000006c2200000,0x00000006c55747e8,0x00000006c7380000)
 Metaspace       used 25982K, capacity 26948K, committed 27008K, reserved 1073152K
  class space    used 3431K, capacity 3655K, committed 3712K, reserved 1048576K
Event: 53.087 GC heap after
Heap after GC invocations=43 (full 1):
 PSYoungGen      total 45056K, used 5088K [0x000000076b600000, 0x000000076ea80000, 0x00000007c0000000)
  eden space 37376K, 0% used [0x000000076b600000,0x000000076b600000,0x000000076da80000)
  from space 7680K, 66% used [0x000000076e280000,0x000000076e778040,0x000000076ea00000)
  to   space 8192K, 0% used [0x000000076da80000,0x000000076da80000,0x000000076e280000)
 ParOldGen       total 83456K, used 53929K [0x00000006c2200000, 0x00000006c7380000, 0x000000076b600000)
  object space 83456K, 64% used [0x00000006c2200000,0x00000006c56aa7f8,0x00000006c7380000)
 Metaspace       used 25982K, capacity 26948K, committed 27008K, reserved 1073152K
  class space    used 3431K, capacity 3655K, committed 3712K, reserved 1048576K
}
Event: 53.580 GC heap before
{Heap before GC invocations=44 (full 1):
 PSYoungGen      total 45056K, used 42185K [0x000000076b600000, 0x000000076ea80000, 0x00000007c0000000)
  eden space 37376K, 99% used [0x000000076b600000,0x000000076da3a428,0x000000076da80000)
  from space 7680K, 66% used [0x000000076e280000,0x000000076e778040,0x000000076ea00000)
  to   space 8192K, 0% used [0x000000076da80000,0x000000076da80000,0x000000076e280000)
 ParOldGen       total 83456K, used 53929K [0x00000006c2200000, 0x00000006c7380000, 0x000000076b600000)
  object space 83456K, 64% used [0x00000006c2200000,0x00000006c56aa7f8,0x00000006c7380000)
 Metaspace       used 25990K, capacity 26948K, committed 27008K, reserved 1073152K
  class space    used 3431K, capacity 3655K, committed 3712K, reserved 1048576K
Event: 53.582 GC heap after
Heap after GC invocations=44 (full 1):
 PSYoungGen      total 45056K, used 5056K [0x000000076b600000, 0x000000076eb00000, 0x00000007c0000000)
  eden space 36864K, 0% used [0x000000076b600000,0x000000076b600000,0x000000076da00000)
  from space 8192K, 61% used [0x000000076da80000,0x000000076df70040,0x000000076e280000)
  to   space 8704K, 0% used [0x000000076e280000,0x000000076e280000,0x000000076eb00000)
 ParOldGen       total 83456K, used 55170K [0x00000006c2200000, 0x00000006c7380000, 0x000000076b600000)
  object space 83456K, 66% used [0x00000006c2200000,0x00000006c57e0808,0x00000006c7380000)
 Metaspace       used 25990K, capacity 26948K, committed 27008K, reserved 1073152K
  class space    used 3431K, capacity 3655K, committed 3712K, reserved 1048576K
}
Event: 54.060 GC heap before
{Heap before GC invocations=45 (full 1):
 PSYoungGen      total 45056K, used 40783K [0x000000076b600000, 0x000000076eb00000, 0x00000007c0000000)
  eden space 36864K, 96% used [0x000000076b600000,0x000000076d8e3cb0,0x000000076da00000)
  from space 8192K, 61% used [0x000000076da80000,0x000000076df70040,0x000000076e280000)
  to   space 8704K, 0% used [0x000000076e280000,0x000000076e280000,0x000000076eb00000)
 ParOldGen       total 83456K, used 55170K [0x00000006c2200000, 0x00000006c7380000, 0x000000076b600000)
  object space 83456K, 66% used [0x00000006c2200000,0x00000006c57e0808,0x00000006c7380000)
 Metaspace       used 25990K, capacity 26948K, committed 27008K, reserved 1073152K
  class space    used 3431K, capacity 3655K, committed 3712K, reserved 1048576K
Event: 54.063 GC heap after
Heap after GC invocations=45 (full 1):
 PSYoungGen      total 43520K, used 3616K [0x000000076b600000, 0x000000076e980000, 0x00000007c0000000)
  eden space 36352K, 0% used [0x000000076b600000,0x000000076b600000,0x000000076d980000)
  from space 7168K, 50% used [0x000000076e280000,0x000000076e608030,0x000000076e980000)
  to   space 8192K, 0% used [0x000000076d980000,0x000000076d980000,0x000000076e180000)
 ParOldGen       total 83456K, used 56402K [0x00000006c2200000, 0x00000006c7380000, 0x000000076b600000)
  object space 83456K, 67% used [0x00000006c2200000,0x00000006c5914818,0x00000006c7380000)
 Metaspace       used 25990K, capacity 26948K, committed 27008K, reserved 1073152K
  class space    used 3431K, capacity 3655K, committed 3712K, reserved 1048576K
}
Event: 54.557 GC heap before
{Heap before GC invocations=46 (full 1):
 PSYoungGen      total 43520K, used 39442K [0x000000076b600000, 0x000000076e980000, 0x00000007c0000000)
  eden space 36352K, 98% used [0x000000076b600000,0x000000076d8fcb38,0x000000076d980000)
  from space 7168K, 50% used [0x000000076e280000,0x000000076e608030,0x000000076e980000)
  to   space 8192K, 0% used [0x000000076d980000,0x000000076d980000,0x000000076e180000)
 ParOldGen       total 83456K, used 56402K [0x00000006c2200000, 0x00000006c7380000, 0x000000076b600000)
  object space 83456K, 67% used [0x00000006c2200000,0x00000006c5914818,0x00000006c7380000)
 Metaspace       used 25990K, capacity 26948K, committed 27008K, reserved 1073152K
  class space    used 3431K, capacity 3655K, committed 3712K, reserved 1048576K
Event: 54.559 GC heap after
Heap after GC invocations=46 (full 1):
 PSYoungGen      total 37376K, used 1392K [0x000000076b600000, 0x000000076e900000, 0x00000007c0000000)
  eden space 35840K, 0% used [0x000000076b600000,0x000000076b600000,0x000000076d900000)
  from space 1536K, 90% used [0x000000076d980000,0x000000076dadc010,0x000000076db00000)
  to   space 8192K, 0% used [0x000000076e100000,0x000000076e100000,0x000000076e900000)
 ParOldGen       total 83456K, used 58658K [0x00000006c2200000, 0x00000006c7380000, 0x000000076b600000)
  object space 83456K, 70% used [0x00000006c2200000,0x00000006c5b48838,0x00000006c7380000)
 Metaspace       used 25990K, capacity 26948K, committed 27008K, reserved 1073152K
  class space    used 3431K, capacity 3655K, committed 3712K, reserved 1048576K
}

